<?xml version="1.0" encoding="UTF-8"?>
<!-- Generated by org.testng.reporters.JUnitXMLReporter -->
<testsuite ignored="0" hostname="LTCH-9RQ24253GP" failures="1" tests="2" name="Edge-Windows" time="143.745" errors="0" timestamp="2025-03-20T17:50:54 IST">
  <testcase classname="testCases.TC_001_CreateAR" name="verifyCreateAR" time="84.771"/>
  <testcase classname="testCases.TC_001_CreateAR" name="verifyCreateAR" time="21.32">
    <failure type="java.lang.AssertionError" message="null">
      <![CDATA[java.lang.AssertionError: null
at testCases.TC_001_CreateAR.verifyCreateAR(TC_001_CreateAR.java:104)
at java.base/java.util.ArrayList.forEach(ArrayList.java:1596)
... Removed 27 stack frames]]>
    </failure>
  </testcase> <!-- verifyCreateAR -->
</testsuite> <!-- Edge-Windows -->
